<?xml version="1.0" encoding="UTF-8"?>
<testng-results skipped="0" failed="0" ignored="0" total="1" passed="1">
  <reporter-output>
  </reporter-output>
  <suite name="Default suite" duration-ms="105648" started-at="2019-01-09T11:00:09Z" finished-at="2019-01-09T11:01:55Z">
    <groups>
    </groups>
    <test name="Default test" duration-ms="105648" started-at="2019-01-09T11:00:09Z" finished-at="2019-01-09T11:01:55Z">
      <class name="com.sel.Gmail">
        <test-method status="PASS" signature="launchGmail()[pri:0, instance:com.sel.Gmail@475530b9]" name="launchGmail" duration-ms="105580" started-at="2019-01-09T11:00:09Z" finished-at="2019-01-09T11:01:55Z">
          <reporter-output>
          </reporter-output>
        </test-method> <!-- launchGmail -->
      </class> <!-- com.sel.Gmail -->
    </test> <!-- Default test -->
  </suite> <!-- Default suite -->
</testng-results>
